<?xml version="1.0" encoding="UTF-8"?>
<!-- Generated by org.testng.reporters.JUnitXMLReporter -->
<testsuite ignored="1" hostname="DESKTOP-HPNOI30" failures="0" tests="1" name="Default test" time="19.014" errors="0" timestamp="2023-07-14T03:39:48 IST">
  <testcase classname="practiceSelenium.OpenLinkInNewTab" name="openLinkInNewWindow" time="18.888"/>
  <testcase classname="practiceSelenium.OpenLinkInNewTab" name="openLinkInNewTab" time="0.0">
    <ignored/>
  </testcase> <!-- openLinkInNewTab -->
</testsuite> <!-- Default test -->
