<?xml version="1.0" encoding="UTF-8"?>
<testng-results ignored="1" total="2" passed="1" failed="0" skipped="0">
  <reporter-output>
  </reporter-output>
  <suite started-at="2023-07-14T03:39:29 IST" name="Default suite" finished-at="2023-07-14T03:39:48 IST" duration-ms="19014">
    <groups>
    </groups>
    <test started-at="2023-07-14T03:39:29 IST" name="Default test" finished-at="2023-07-14T03:39:48 IST" duration-ms="19014">
      <class name="practiceSelenium.OpenLinkInNewTab">
        <test-method signature="openLinkInNewWindow()[pri:0, instance:practiceSelenium.OpenLinkInNewTab@57a3af25]" started-at="2023-07-14T03:39:29 IST" name="openLinkInNewWindow" finished-at="2023-07-14T03:39:48 IST" duration-ms="18888" status="PASS">
          <reporter-output>
          </reporter-output>
        </test-method> <!-- openLinkInNewWindow -->
      </class> <!-- practiceSelenium.OpenLinkInNewTab -->
    </test> <!-- Default test -->
  </suite> <!-- Default suite -->
</testng-results>
